2022-57-04 12:57:32.680 [main] DEBUG org.testng.TestNG - suiteXmlPath: "C:\Users\shubhamkumar32\IdeaProjects\restAssured\src\test\java\MainAssignment\testng.xml"
2022-57-04 12:57:32.823 [main] INFO  org.testng.internal.Utils - [Utils] MethodGroupsHelper.collectMethodsByGroup() took 0 ms.
2022-57-04 12:57:32.839 [main] DEBUG org.testng.internal.Graph - [Graph] ADDING NODE testClass.setExtents()[pri:0, instance:null] 2121067128
2022-57-04 12:57:32.839 [main] DEBUG org.testng.internal.Graph - [Graph] ================ SORTING
2022-57-04 12:57:32.839 [main] DEBUG org.testng.internal.Graph - [Graph] =============== DONE SORTING
2022-57-04 12:57:32.839 [main] DEBUG org.testng.internal.Graph - [Graph] ====== SORTED NODES
2022-57-04 12:57:32.839 [main] DEBUG org.testng.internal.Graph - [Graph] ====== END SORTED NODES
2022-57-04 12:57:32.839 [main] INFO  org.testng.internal.Utils - [Utils] MethodGroupsHelper.sortMethods() took 0 ms.
2022-57-04 12:57:32.839 [main] INFO  org.testng.internal.Utils - [Utils] MethodGroupsHelper.collectMethodsByGroup() took 0 ms.
2022-57-04 12:57:32.839 [main] DEBUG org.testng.internal.Graph - [Graph] ADDING NODE testClass.tearDown()[pri:0, instance:null] -2117230631
2022-57-04 12:57:32.839 [main] DEBUG org.testng.internal.Graph - [Graph] ================ SORTING
2022-57-04 12:57:32.839 [main] DEBUG org.testng.internal.Graph - [Graph] =============== DONE SORTING
2022-57-04 12:57:32.839 [main] DEBUG org.testng.internal.Graph - [Graph] ====== SORTED NODES
2022-57-04 12:57:32.839 [main] DEBUG org.testng.internal.Graph - [Graph] ====== END SORTED NODES
2022-57-04 12:57:32.839 [main] INFO  org.testng.internal.Utils - [Utils] MethodGroupsHelper.sortMethods() took 0 ms.
2022-57-04 12:57:32.839 [main] INFO  org.testng.internal.Utils - [Utils] MethodGroupsHelper.collectMethodsByGroup() took 0 ms.
2022-57-04 12:57:32.839 [main] INFO  org.testng.internal.Utils - [Utils] MethodGroupsHelper.sortMethods() took 0 ms.
2022-57-04 12:57:32.839 [main] INFO  org.testng.internal.Utils - [Utils] MethodGroupsHelper.collectMethodsByGroup() took 0 ms.
2022-57-04 12:57:32.839 [main] INFO  org.testng.internal.Utils - [Utils] MethodGroupsHelper.sortMethods() took 0 ms.
2022-57-04 12:57:32.839 [main] INFO  org.testng.internal.Utils - [Utils] MethodGroupsHelper.collectMethodsByGroup() took 0 ms.
2022-57-04 12:57:32.839 [main] INFO  org.testng.internal.Utils - [Utils] MethodGroupsHelper.sortMethods() took 0 ms.
2022-57-04 12:57:32.839 [main] INFO  org.testng.internal.Utils - [Utils] MethodGroupsHelper.collectMethodsByGroup() took 0 ms.
2022-57-04 12:57:32.839 [main] INFO  org.testng.internal.Utils - [Utils] MethodGroupsHelper.sortMethods() took 0 ms.
2022-57-04 12:57:32.839 [main] INFO  org.testng.internal.Utils - [Utils] MethodGroupsHelper.collectMethodsByGroup() took 0 ms.
2022-57-04 12:57:32.839 [main] INFO  org.testng.internal.Utils - [Utils] MethodGroupsHelper.sortMethods() took 0 ms.
2022-57-04 12:57:32.839 [main] INFO  org.testng.internal.Utils - [Utils] MethodGroupsHelper.collectMethodsByGroup() took 0 ms.
2022-57-04 12:57:32.839 [main] INFO  org.testng.internal.Utils - [Utils] MethodGroupsHelper.sortMethods() took 0 ms.
2022-57-04 12:57:32.839 [main] INFO  org.testng.internal.Utils - [Utils] MethodGroupsHelper.collectMethodsByGroup() took 0 ms.
2022-57-04 12:57:32.839 [main] INFO  org.testng.internal.Utils - [Utils] MethodGroupsHelper.sortMethods() took 0 ms.
2022-57-04 12:57:32.839 [main] INFO  org.testng.internal.Utils - [Utils] MethodGroupsHelper.collectMethodsByGroup() took 0 ms.
2022-57-04 12:57:32.855 [main] INFO  org.testng.internal.Utils - [Utils] MethodGroupsHelper.sortMethods() took 15 ms.
2022-57-04 12:57:32.855 [main] INFO  org.testng.internal.Utils - [Utils] MethodGroupsHelper.collectMethodsByGroup() took 0 ms.
2022-57-04 12:57:32.855 [main] DEBUG org.testng.internal.Graph - [Graph] ADDING NODE testClass.setExtents()[pri:0, instance:MainAssignment.testClass@558bdf1f] -1531165785
2022-57-04 12:57:32.855 [main] DEBUG org.testng.internal.Graph - [Graph] ================ SORTING
2022-57-04 12:57:32.855 [main] DEBUG org.testng.internal.Graph - [Graph] =============== DONE SORTING
2022-57-04 12:57:32.857 [main] DEBUG org.testng.internal.Graph - [Graph] ====== SORTED NODES
2022-57-04 12:57:32.857 [main] DEBUG org.testng.internal.Graph - [Graph] ====== END SORTED NODES
2022-57-04 12:57:32.857 [main] INFO  org.testng.internal.Utils - [Utils] MethodGroupsHelper.sortMethods() took 2 ms.
2022-57-04 12:57:32.857 [main] INFO  org.testng.internal.Utils - [Utils] MethodGroupsHelper.collectMethodsByGroup() took 0 ms.
2022-57-04 12:57:32.857 [main] INFO  org.testng.internal.Utils - [Utils] MethodGroupsHelper.sortMethods() took 0 ms.
2022-57-04 12:57:32.857 [main] INFO  org.testng.internal.Utils - [Utils] MethodGroupsHelper.collectMethodsByGroup() took 0 ms.
2022-57-04 12:57:32.857 [main] DEBUG org.testng.internal.Graph - [Graph] ADDING NODE testClass.negTaskCase()[pri:5, instance:MainAssignment.testClass@558bdf1f] -965773147
2022-57-04 12:57:32.857 [main] DEBUG org.testng.internal.Graph - [Graph] ADDING NODE testClass.negLoginCase()[pri:4, instance:MainAssignment.testClass@558bdf1f] 485508777
2022-57-04 12:57:32.857 [main] DEBUG org.testng.internal.Graph - [Graph] ADDING NODE testClass.registerUser()[pri:1, instance:MainAssignment.testClass@558bdf1f] -1265486768
2022-57-04 12:57:32.857 [main] DEBUG org.testng.internal.Graph - [Graph] ADDING NODE testClass.negRegisterCase()[pri:3, instance:MainAssignment.testClass@558bdf1f] -690136381
2022-57-04 12:57:32.857 [main] DEBUG org.testng.internal.Graph - [Graph] ADDING NODE testClass.login()[pri:2, instance:MainAssignment.testClass@558bdf1f] -1631676727
2022-57-04 12:57:32.857 [main] DEBUG org.testng.internal.Graph - [Graph] ================ SORTING
2022-57-04 12:57:32.861 [main] DEBUG org.testng.internal.Graph - [Graph] =============== DONE SORTING
2022-57-04 12:57:32.861 [main] DEBUG org.testng.internal.Graph - [Graph] ====== SORTED NODES
2022-57-04 12:57:32.861 [main] DEBUG org.testng.internal.Graph - [Graph] ====== END SORTED NODES
2022-57-04 12:57:32.861 [main] INFO  org.testng.internal.Utils - [Utils] MethodGroupsHelper.sortMethods() took 3 ms.
2022-57-04 12:57:32.861 [main] INFO  org.testng.internal.Utils - [Utils] MethodGroupsHelper.collectMethodsByGroup() took 0 ms.
2022-57-04 12:57:32.861 [main] INFO  org.testng.internal.Utils - [Utils] MethodGroupsHelper.sortMethods() took 0 ms.
2022-57-04 12:57:32.861 [main] INFO  org.testng.internal.Utils - [Utils] MethodGroupsHelper.collectMethodsByGroup() took 0 ms.
2022-57-04 12:57:32.861 [main] DEBUG org.testng.internal.Graph - [Graph] ADDING NODE testClass.tearDown()[pri:0, instance:MainAssignment.testClass@558bdf1f] 225589862
2022-57-04 12:57:32.861 [main] DEBUG org.testng.internal.Graph - [Graph] ================ SORTING
2022-57-04 12:57:32.861 [main] DEBUG org.testng.internal.Graph - [Graph] =============== DONE SORTING
2022-57-04 12:57:32.861 [main] DEBUG org.testng.internal.Graph - [Graph] ====== SORTED NODES
2022-57-04 12:57:32.861 [main] DEBUG org.testng.internal.Graph - [Graph] ====== END SORTED NODES
2022-57-04 12:57:32.861 [main] INFO  org.testng.internal.Utils - [Utils] MethodGroupsHelper.sortMethods() took 0 ms.
2022-57-04 12:57:32.865 [main] INFO  org.testng.internal.Utils - [TestNG] Running:
  C:\Users\shubhamkumar32\IdeaProjects\restAssured\src\test\java\MainAssignment\testng.xml

2022-57-04 12:57:32.981 [main] INFO  org.testng.internal.Utils - [Utils] DynamicGraphHelper.createDynamicGraph() took 3 ms.
2022-57-04 12:57:33.807 [main] DEBUG org.apache.poi.openxml4j.opc.PackageRelationshipCollection - Parsing relationship: /xl/_rels/workbook.xml.rels
2022-57-04 12:57:33.815 [main] DEBUG org.apache.poi.openxml4j.opc.PackageRelationshipCollection - Parsing relationship: /xl/worksheets/_rels/sheet1.xml.rels
2022-57-04 12:57:33.815 [main] DEBUG org.apache.poi.openxml4j.opc.PackageRelationshipCollection - Parsing relationship: /xl/worksheets/_rels/sheet2.xml.rels
2022-57-04 12:57:33.815 [main] DEBUG org.apache.poi.openxml4j.opc.PackageRelationshipCollection - Parsing relationship: /_rels/.rels
2022-57-04 12:57:34.169 [main] DEBUG org.apache.poi.ooxml.POIXMLFactory - using default POIXMLDocumentPart for http://schemas.openxmlformats.org/officeDocument/2006/relationships/printerSettings
2022-57-04 12:57:34.169 [main] DEBUG org.apache.poi.ooxml.POIXMLFactory - using default POIXMLDocumentPart for http://schemas.openxmlformats.org/officeDocument/2006/relationships/printerSettings
2022-57-04 12:57:34.261 [main] DEBUG MainAssignment.baseClass - {"password":"1.2345678E7","name":"shubham kumar","email":"shubhamk@gmail.com","age":22}
2022-57-04 12:57:36.899 [main] WARN  MainAssignment.baseClass - user already exists
2022-57-04 12:57:36.919 [main] DEBUG org.apache.poi.openxml4j.opc.PackageRelationshipCollection - Parsing relationship: /xl/_rels/workbook.xml.rels
2022-57-04 12:57:36.919 [main] DEBUG org.apache.poi.openxml4j.opc.PackageRelationshipCollection - Parsing relationship: /xl/worksheets/_rels/sheet1.xml.rels
2022-57-04 12:57:36.919 [main] DEBUG org.apache.poi.openxml4j.opc.PackageRelationshipCollection - Parsing relationship: /xl/worksheets/_rels/sheet2.xml.rels
2022-57-04 12:57:36.919 [main] DEBUG org.apache.poi.openxml4j.opc.PackageRelationshipCollection - Parsing relationship: /_rels/.rels
2022-57-04 12:57:36.923 [main] DEBUG org.apache.poi.ooxml.POIXMLFactory - using default POIXMLDocumentPart for http://schemas.openxmlformats.org/officeDocument/2006/relationships/printerSettings
2022-57-04 12:57:36.923 [main] DEBUG org.apache.poi.ooxml.POIXMLFactory - using default POIXMLDocumentPart for http://schemas.openxmlformats.org/officeDocument/2006/relationships/printerSettings
2022-57-04 12:57:36.939 [main] DEBUG MainAssignment.baseClass - login json data
2022-57-04 12:57:39.290 [main] DEBUG MainAssignment.baseClass - login status code
2022-57-04 12:57:39.298 [main] DEBUG org.apache.poi.openxml4j.opc.PackageRelationshipCollection - Parsing relationship: /xl/_rels/workbook.xml.rels
2022-57-04 12:57:39.298 [main] DEBUG org.apache.poi.openxml4j.opc.PackageRelationshipCollection - Parsing relationship: /xl/worksheets/_rels/sheet1.xml.rels
2022-57-04 12:57:39.298 [main] DEBUG org.apache.poi.openxml4j.opc.PackageRelationshipCollection - Parsing relationship: /xl/worksheets/_rels/sheet2.xml.rels
2022-57-04 12:57:39.302 [main] DEBUG org.apache.poi.openxml4j.opc.PackageRelationshipCollection - Parsing relationship: /_rels/.rels
2022-57-04 12:57:39.310 [main] DEBUG org.apache.poi.ooxml.POIXMLFactory - using default POIXMLDocumentPart for http://schemas.openxmlformats.org/officeDocument/2006/relationships/printerSettings
2022-57-04 12:57:39.310 [main] DEBUG org.apache.poi.ooxml.POIXMLFactory - using default POIXMLDocumentPart for http://schemas.openxmlformats.org/officeDocument/2006/relationships/printerSettings
2022-57-04 12:57:39.322 [main] INFO  MainAssignment.baseClass - task being added
2022-57-04 12:57:41.645 [main] INFO  MainAssignment.baseClass - task added
2022-57-04 12:57:41.645 [main] INFO  MainAssignment.baseClass - task being added
2022-57-04 12:57:44.099 [main] INFO  MainAssignment.baseClass - task added
2022-57-04 12:57:44.099 [main] INFO  MainAssignment.baseClass - task being added
2022-57-04 12:57:46.452 [main] INFO  MainAssignment.baseClass - task added
2022-57-04 12:57:46.452 [main] INFO  MainAssignment.baseClass - task being added
2022-57-04 12:57:48.696 [main] INFO  MainAssignment.baseClass - task added
2022-57-04 12:57:48.696 [main] INFO  MainAssignment.baseClass - task being added
2022-57-04 12:57:50.951 [main] INFO  MainAssignment.baseClass - task added
2022-57-04 12:57:50.951 [main] INFO  MainAssignment.baseClass - task being added
2022-57-04 12:57:53.409 [main] INFO  MainAssignment.baseClass - task added
2022-57-04 12:57:53.409 [main] INFO  MainAssignment.baseClass - task being added
2022-57-04 12:57:55.763 [main] INFO  MainAssignment.baseClass - task added
2022-57-04 12:57:55.763 [main] INFO  MainAssignment.baseClass - task being added
2022-57-04 12:57:58.022 [main] INFO  MainAssignment.baseClass - task added
2022-57-04 12:57:58.022 [main] INFO  MainAssignment.baseClass - task being added
2022-58-04 12:58:00.675 [main] INFO  MainAssignment.baseClass - task added
2022-58-04 12:58:00.675 [main] INFO  MainAssignment.baseClass - task being added
2022-58-04 12:58:02.934 [main] INFO  MainAssignment.baseClass - task added
2022-58-04 12:58:02.934 [main] INFO  MainAssignment.baseClass - task being added
2022-58-04 12:58:05.286 [main] INFO  MainAssignment.baseClass - task added
2022-58-04 12:58:05.286 [main] INFO  MainAssignment.baseClass - task being added
2022-58-04 12:58:08.266 [main] INFO  MainAssignment.baseClass - task added
2022-58-04 12:58:08.266 [main] INFO  MainAssignment.baseClass - task being added
2022-58-04 12:58:10.517 [main] INFO  MainAssignment.baseClass - task added
2022-58-04 12:58:10.517 [main] INFO  MainAssignment.baseClass - task being added
2022-58-04 12:58:13.076 [main] INFO  MainAssignment.baseClass - task added
2022-58-04 12:58:13.076 [main] INFO  MainAssignment.baseClass - task being added
2022-58-04 12:58:15.320 [main] INFO  MainAssignment.baseClass - task added
2022-58-04 12:58:15.320 [main] INFO  MainAssignment.baseClass - task being added
2022-58-04 12:58:17.679 [main] INFO  MainAssignment.baseClass - task added
2022-58-04 12:58:17.679 [main] INFO  MainAssignment.baseClass - task being added
2022-58-04 12:58:20.449 [main] INFO  MainAssignment.baseClass - task added
2022-58-04 12:58:20.449 [main] INFO  MainAssignment.baseClass - task being added
2022-58-04 12:58:23.113 [main] INFO  MainAssignment.baseClass - task added
2022-58-04 12:58:23.113 [main] INFO  MainAssignment.baseClass - task being added
2022-58-04 12:58:25.875 [main] INFO  MainAssignment.baseClass - task added
2022-58-04 12:58:25.875 [main] INFO  MainAssignment.baseClass - all tasks added successfully
2022-58-04 12:58:32.843 [main] DEBUG org.apache.poi.openxml4j.opc.PackageRelationshipCollection - Parsing relationship: /xl/_rels/workbook.xml.rels
2022-58-04 12:58:32.843 [main] DEBUG org.apache.poi.openxml4j.opc.PackageRelationshipCollection - Parsing relationship: /xl/worksheets/_rels/sheet1.xml.rels
2022-58-04 12:58:32.843 [main] DEBUG org.apache.poi.openxml4j.opc.PackageRelationshipCollection - Parsing relationship: /xl/worksheets/_rels/sheet2.xml.rels
2022-58-04 12:58:32.843 [main] DEBUG org.apache.poi.openxml4j.opc.PackageRelationshipCollection - Parsing relationship: /_rels/.rels
2022-58-04 12:58:32.858 [main] DEBUG org.apache.poi.ooxml.POIXMLFactory - using default POIXMLDocumentPart for http://schemas.openxmlformats.org/officeDocument/2006/relationships/printerSettings
2022-58-04 12:58:32.858 [main] DEBUG org.apache.poi.ooxml.POIXMLFactory - using default POIXMLDocumentPart for http://schemas.openxmlformats.org/officeDocument/2006/relationships/printerSettings
2022-58-04 12:58:32.858 [main] DEBUG MainAssignment.baseClass - {"password":"1.2345678E7","name":"shubham kumar","email":"shubhamk@gmail.com","age":22}
2022-58-04 12:58:34.781 [main] WARN  MainAssignment.baseClass - user already exists
2022-58-04 12:58:37.038 [main] DEBUG org.apache.poi.openxml4j.opc.PackageRelationshipCollection - Parsing relationship: /xl/_rels/workbook.xml.rels
2022-58-04 12:58:37.038 [main] DEBUG org.apache.poi.openxml4j.opc.PackageRelationshipCollection - Parsing relationship: /xl/worksheets/_rels/sheet1.xml.rels
2022-58-04 12:58:37.038 [main] DEBUG org.apache.poi.openxml4j.opc.PackageRelationshipCollection - Parsing relationship: /xl/worksheets/_rels/sheet2.xml.rels
2022-58-04 12:58:37.038 [main] DEBUG org.apache.poi.openxml4j.opc.PackageRelationshipCollection - Parsing relationship: /_rels/.rels
2022-58-04 12:58:37.053 [main] DEBUG org.apache.poi.ooxml.POIXMLFactory - using default POIXMLDocumentPart for http://schemas.openxmlformats.org/officeDocument/2006/relationships/printerSettings
2022-58-04 12:58:37.053 [main] DEBUG org.apache.poi.ooxml.POIXMLFactory - using default POIXMLDocumentPart for http://schemas.openxmlformats.org/officeDocument/2006/relationships/printerSettings
2022-58-04 12:58:37.053 [main] DEBUG MainAssignment.baseClass - login json data
2022-58-04 12:58:39.693 [main] DEBUG MainAssignment.baseClass - login status code
2022-58-04 12:58:41.650 [main] WARN  MainAssignment.baseClass - wrong task credenrials given. Task not added
2022-58-04 12:58:43.383 [main] INFO  org.testng.internal.Utils - [TestNG] Time taken by org.testng.internal.ExitCodeListener@b32e983: 0 ms
